# JRE version: Java(TM) SE Runtime Environment (8.0_321-b07) (build 1.8.0_321-b07)
# Java VM: Java HotSpot(TM) 64-Bit Server VM (25.321-b07 mixed mode windows-amd64 compressed oops)
Heap:
 PSYoungGen      total 65536K, used 28177K [0x00000000ec400000, 0x00000000f2400000, 0x0000000100000000)
  eden space 54272K, 31% used [0x00000000ec400000,0x00000000ed487300,0x00000000ef900000)
  from space 11264K, 99% used [0x00000000f0b00000,0x00000000f15fd2d8,0x00000000f1600000)
  to   space 18432K, 0% used [0x00000000ef900000,0x00000000ef900000,0x00000000f0b00000)
 ParOldGen       total 40960K, used 27434K [0x00000000c4c00000, 0x00000000c7400000, 0x00000000ec400000)
  object space 40960K, 66% used [0x00000000c4c00000,0x00000000c66cabc0,0x00000000c7400000)
 Metaspace       used 16859K, capacity 16996K, committed 17280K, reserved 1064960K
  class space    used 1503K, capacity 1565K, committed 1664K, reserved 1048576K
GC Heap History (10 events):
Event: 49.605 GC heap before
{Heap before GC invocations=4 (full 0):
 PSYoungGen      total 17920K, used 17907K [0x00000000ec400000, 0x00000000ed800000, 0x0000000100000000)
  eden space 15360K, 100% used [0x00000000ec400000,0x00000000ed300000,0x00000000ed300000)
  from space 2560K, 99% used [0x00000000ed300000,0x00000000ed57cd68,0x00000000ed580000)
  to   space 2560K, 0% used [0x00000000ed580000,0x00000000ed580000,0x00000000ed800000)
 ParOldGen       total 40960K, used 2467K [0x00000000c4c00000, 0x00000000c7400000, 0x00000000ec400000)
  object space 40960K, 6% used [0x00000000c4c00000,0x00000000c4e68d78,0x00000000c7400000)
 Metaspace       used 15898K, capacity 16068K, committed 16384K, reserved 1064960K
  class space    used 1474K, capacity 1533K, committed 1536K, reserved 1048576K
Event: 49.611 GC heap after
Heap after GC invocations=4 (full 0):
 PSYoungGen      total 17920K, used 2547K [0x00000000ec400000, 0x00000000ed800000, 0x0000000100000000)
  eden space 15360K, 0% used [0x00000000ec400000,0x00000000ec400000,0x00000000ed300000)
  from space 2560K, 99% used [0x00000000ed580000,0x00000000ed7fcd68,0x00000000ed800000)
  to   space 2560K, 0% used [0x00000000ed300000,0x00000000ed300000,0x00000000ed580000)
 ParOldGen       total 40960K, used 3060K [0x00000000c4c00000, 0x00000000c7400000, 0x00000000ec400000)
  object space 40960K, 7% used [0x00000000c4c00000,0x00000000c4efd128,0x00000000c7400000)
 Metaspace       used 15898K, capacity 16068K, committed 16384K, reserved 1064960K
  class space    used 1474K, capacity 1533K, committed 1536K, reserved 1048576K
}
Event: 49.693 GC heap before
{Heap before GC invocations=5 (full 0):
 PSYoungGen      total 17920K, used 17907K [0x00000000ec400000, 0x00000000ed800000, 0x0000000100000000)
  eden space 15360K, 100% used [0x00000000ec400000,0x00000000ed300000,0x00000000ed300000)
  from space 2560K, 99% used [0x00000000ed580000,0x00000000ed7fcd68,0x00000000ed800000)
  to   space 2560K, 0% used [0x00000000ed300000,0x00000000ed300000,0x00000000ed580000)
 ParOldGen       total 40960K, used 3060K [0x00000000c4c00000, 0x00000000c7400000, 0x00000000ec400000)
  object space 40960K, 7% used [0x00000000c4c00000,0x00000000c4efd128,0x00000000c7400000)
 Metaspace       used 15898K, capacity 16068K, committed 16384K, reserved 1064960K
  class space    used 1474K, capacity 1533K, committed 1536K, reserved 1048576K
Event: 49.698 GC heap after
Heap after GC invocations=5 (full 0):
 PSYoungGen      total 17920K, used 2548K [0x00000000ec400000, 0x00000000eeb00000, 0x0000000100000000)
  eden space 15360K, 0% used [0x00000000ec400000,0x00000000ec400000,0x00000000ed300000)
  from space 2560K, 99% used [0x00000000ed300000,0x00000000ed57d288,0x00000000ed580000)
  to   space 4608K, 0% used [0x00000000ee680000,0x00000000ee680000,0x00000000eeb00000)
 ParOldGen       total 40960K, used 3476K [0x00000000c4c00000, 0x00000000c7400000, 0x00000000ec400000)
  object space 40960K, 8% used [0x00000000c4c00000,0x00000000c4f65278,0x00000000c7400000)
 Metaspace       used 15898K, capacity 16068K, committed 16384K, reserved 1064960K
  class space    used 1474K, capacity 1533K, committed 1536K, reserved 1048576K
}
Event: 49.817 GC heap before
{Heap before GC invocations=6 (full 0):
 PSYoungGen      total 17920K, used 17908K [0x00000000ec400000, 0x00000000eeb00000, 0x0000000100000000)
  eden space 15360K, 100% used [0x00000000ec400000,0x00000000ed300000,0x00000000ed300000)
  from space 2560K, 99% used [0x00000000ed300000,0x00000000ed57d288,0x00000000ed580000)
  to   space 4608K, 0% used [0x00000000ee680000,0x00000000ee680000,0x00000000eeb00000)
 ParOldGen       total 40960K, used 3476K [0x00000000c4c00000, 0x00000000c7400000, 0x00000000ec400000)
  object space 40960K, 8% used [0x00000000c4c00000,0x00000000c4f65278,0x00000000c7400000)
 Metaspace       used 15909K, capacity 16068K, committed 16384K, reserved 1064960K
  class space    used 1474K, capacity 1533K, committed 1536K, reserved 1048576K
Event: 49.821 GC heap after
Heap after GC invocations=6 (full 0):
 PSYoungGen      total 35328K, used 3758K [0x00000000ec400000, 0x00000000eeb00000, 0x0000000100000000)
  eden space 30720K, 0% used [0x00000000ec400000,0x00000000ec400000,0x00000000ee200000)
  from space 4608K, 81% used [0x00000000ee680000,0x00000000eea2b870,0x00000000eeb00000)
  to   space 4608K, 0% used [0x00000000ee200000,0x00000000ee200000,0x00000000ee680000)
 ParOldGen       total 40960K, used 3484K [0x00000000c4c00000, 0x00000000c7400000, 0x00000000ec400000)
  object space 40960K, 8% used [0x00000000c4c00000,0x00000000c4f67278,0x00000000c7400000)
 Metaspace       used 15909K, capacity 16068K, committed 16384K, reserved 1064960K
  class space    used 1474K, capacity 1533K, committed 1536K, reserved 1048576K
}
Event: 49.879 GC heap before
{Heap before GC invocations=7 (full 0):
 PSYoungGen      total 35328K, used 34478K [0x00000000ec400000, 0x00000000eeb00000, 0x0000000100000000)
  eden space 30720K, 100% used [0x00000000ec400000,0x00000000ee200000,0x00000000ee200000)
  from space 4608K, 81% used [0x00000000ee680000,0x00000000eea2b870,0x00000000eeb00000)
  to   space 4608K, 0% used [0x00000000ee200000,0x00000000ee200000,0x00000000ee680000)
 ParOldGen       total 40960K, used 3484K [0x00000000c4c00000, 0x00000000c7400000, 0x00000000ec400000)
  object space 40960K, 8% used [0x00000000c4c00000,0x00000000c4f67278,0x00000000c7400000)
 Metaspace       used 15990K, capacity 16132K, committed 16384K, reserved 1064960K
  class space    used 1475K, capacity 1533K, committed 1536K, reserved 1048576K
Event: 49.893 GC heap after
Heap after GC invocations=7 (full 0):
 PSYoungGen      total 35328K, used 4608K [0x00000000ec400000, 0x00000000f1600000, 0x0000000100000000)
  eden space 30720K, 0% used [0x00000000ec400000,0x00000000ec400000,0x00000000ee200000)
  from space 4608K, 100% used [0x00000000ee200000,0x00000000ee680000,0x00000000ee680000)
  to   space 11264K, 0% used [0x00000000f0b00000,0x00000000f0b00000,0x00000000f1600000)
 ParOldGen       total 40960K, used 15742K [0x00000000c4c00000, 0x00000000c7400000, 0x00000000ec400000)
  object space 40960K, 38% used [0x00000000c4c00000,0x00000000c5b5f900,0x00000000c7400000)
 Metaspace       used 15990K, capacity 16132K, committed 16384K, reserved 1064960K
  class space    used 1475K, capacity 1533K, committed 1536K, reserved 1048576K
}
Event: 49.913 GC heap before
{Heap before GC invocations=8 (full 0):
 PSYoungGen      total 35328K, used 35328K [0x00000000ec400000, 0x00000000f1600000, 0x0000000100000000)
  eden space 30720K, 100% used [0x00000000ec400000,0x00000000ee200000,0x00000000ee200000)
  from space 4608K, 100% used [0x00000000ee200000,0x00000000ee680000,0x00000000ee680000)
  to   space 11264K, 0% used [0x00000000f0b00000,0x00000000f0b00000,0x00000000f1600000)
 ParOldGen       total 40960K, used 15742K [0x00000000c4c00000, 0x00000000c7400000, 0x00000000ec400000)
  object space 40960K, 38% used [0x00000000c4c00000,0x00000000c5b5f900,0x00000000c7400000)
 Metaspace       used 15990K, capacity 16132K, committed 16384K, reserved 1064960K
  class space    used 1475K, capacity 1533K, committed 1536K, reserved 1048576K
Event: 49.936 GC heap after
Heap after GC invocations=8 (full 0):
 PSYoungGen      total 65536K, used 11252K [0x00000000ec400000, 0x00000000f2400000, 0x0000000100000000)
  eden space 54272K, 0% used [0x00000000ec400000,0x00000000ec400000,0x00000000ef900000)
  from space 11264K, 99% used [0x00000000f0b00000,0x00000000f15fd2d8,0x00000000f1600000)
  to   space 18432K, 0% used [0x00000000ef900000,0x00000000ef900000,0x00000000f0b00000)
 ParOldGen       total 40960K, used 27434K [0x00000000c4c00000, 0x00000000c7400000, 0x00000000ec400000)
  object space 40960K, 66% used [0x00000000c4c00000,0x00000000c66cabc0,0x00000000c7400000)
 Metaspace       used 15990K, capacity 16132K, committed 16384K, reserved 1064960K
  class space    used 1475K, capacity 1533K, committed 1536K, reserved 1048576K
}

